<?xml version="1.0" encoding="UTF-8"?>
<!-- Generated by org.testng.reporters.JUnitReportReporter -->
<testsuite hostname="DESKTOP-Q13OS2E" failures="0" tests="2" name="runner.test_runner" time="78.536" errors="0" timestamp="4 Nov 2022 11:00:50 GMT">
  <testcase classname="runner.test_runner" name="runScenario" time="17.426"/>
  <testcase classname="runner.test_runner" name="runScenario" time="61.110"/>
</testsuite> <!-- runner.test_runner -->
